
Search

Live tail
GMT+1

Menu

==> Cloning from https://github.com/nedaxer/God-abeg
==> Checking out commit 4b83e050e8840c2c633b0cd45957548f3b3b34ec in branch main
==> Using Node.js version 22.16.0 (default)
==> Docs on specifying a Node.js version: https://render.com/docs/node-version
==> Using Bun version 1.1.0 (default)
==> Docs on specifying a Bun version: https://render.com/docs/bun-version
==> Running build command 'chmod +x render-production-build.sh && ./render-production-build.sh'...
ğŸš€ Building Nedaxer Trading Platform - Full Application...
ğŸ“¦ Installing dependencies...
> rest-express@1.0.0 postinstall
> npm run check
> rest-express@1.0.0 check
> tsc
server/vite.ts(4,64): error TS2307: Cannot find module 'vite' or its corresponding type declarations.
vite.config.ts(1,30): error TS2307: Cannot find module 'vite' or its corresponding type declarations.
vite.config.ts(2,19): error TS2307: Cannot find module '@vitejs/plugin-react' or its corresponding type declarations.
vite.config.ts(5,33): error TS2307: Cannot find module '@replit/vite-plugin-runtime-error-modal' or its corresponding type declarations.
vite.config.ts(15,24): error TS2307: Cannot find module '@replit/vite-plugin-cartographer' or its corresponding type declarations.
npm error code 2
npm error path /opt/render/project/src
npm error command failed
npm error command sh -c npm run check
npm error A complete log of this run can be found in: /opt/render/.cache/_logs/2025-07-05T03_10_36_308Z-debug-0.log
ğŸ“¦ Building frontend with Vite...
> rest-express@1.0.0 build
> vite build && esbuild server/index.ts --platform=node --packages=external --bundle --format=esm --outdir=dist
sh: 1: vite: not found
ğŸ”§ Building server...
ğŸ“„ Creating production package.json...
ğŸ“‚ Copying server configuration files...
ğŸ¥ Creating health check...
âœ… Production build completed successfully!
ğŸ“ Created files:
total 168
drwxr-sr-x  5 render render   4096 Jul  5 03:11 .
drwxr-sr-x 14 render render   4096 Jul  5 03:11 ..
-rw-r--r--  1 render render    244 Jul  5 03:11 health.js
-rw-r--r--  1 render render 142401 Jul  5 03:11 index.js
-rw-r--r--  1 render render    842 Jul  5 03:11 package.json
drwxr-sr-x  4 render render   4096 Jul  5 03:11 public
drwxr-sr-x  2 render render   4096 Jul  5 03:11 services
drwxr-sr-x  2 render render   4096 Jul  5 03:11 types
ğŸ“Š Server bundle: 139KB
âŒ Frontend build failed!
==> Build failed ğŸ˜